\BOOKMARK [1][-]{section.1}{实验任务描述}{}% 1
\BOOKMARK [1][-]{section.2}{实验设计}{}% 2
\BOOKMARK [2][-]{subsection.2.1}{实验环境}{section.2}% 3
\BOOKMARK [2][-]{subsection.2.2}{实验任务流程}{section.2}% 4
\BOOKMARK [1][-]{section.3}{实验具体实现}{}% 5
\BOOKMARK [2][-]{subsection.3.1}{设计思路}{section.3}% 6
\BOOKMARK [2][-]{subsection.3.2}{覆写}{section.3}% 7
\BOOKMARK [2][-]{subsection.3.3}{TaggedKey复合键}{section.3}% 8
\BOOKMARK [3][-]{subsubsection.3.3.1}{实现思路}{subsection.3.3}% 9
\BOOKMARK [3][-]{subsubsection.3.3.2}{实际代码}{subsection.3.3}% 10
\BOOKMARK [2][-]{subsection.3.4}{Map类}{section.3}% 11
\BOOKMARK [3][-]{subsubsection.3.4.1}{输入输出格式}{subsection.3.4}% 12
\BOOKMARK [3][-]{subsubsection.3.4.2}{实现思路}{subsection.3.4}% 13
\BOOKMARK [3][-]{subsubsection.3.4.3}{实际代码}{subsection.3.4}% 14
\BOOKMARK [2][-]{subsection.3.5}{Partitioner类}{section.3}% 15
\BOOKMARK [3][-]{subsubsection.3.5.1}{实现思路}{subsection.3.5}% 16
\BOOKMARK [3][-]{subsubsection.3.5.2}{实际代码}{subsection.3.5}% 17
\BOOKMARK [2][-]{subsection.3.6}{WritableComparator类}{section.3}% 18
\BOOKMARK [3][-]{subsubsection.3.6.1}{实现思路}{subsection.3.6}% 19
\BOOKMARK [3][-]{subsubsection.3.6.2}{实际代码}{subsection.3.6}% 20
\BOOKMARK [2][-]{subsection.3.7}{Reduce类}{section.3}% 21
\BOOKMARK [3][-]{subsubsection.3.7.1}{输入输出格式}{subsection.3.7}% 22
\BOOKMARK [3][-]{subsubsection.3.7.2}{实现思路}{subsection.3.7}% 23
\BOOKMARK [3][-]{subsubsection.3.7.3}{实际代码}{subsection.3.7}% 24
\BOOKMARK [1][-]{section.4}{实验运行与结果分析}{}% 25
\BOOKMARK [2][-]{subsection.4.1}{配置管理}{section.4}% 26
\BOOKMARK [2][-]{subsection.4.2}{生成jar包运行结果}{section.4}% 27
\BOOKMARK [2][-]{subsection.4.3}{Hive输出结果文件}{section.4}% 28
\BOOKMARK [2][-]{subsection.4.4}{Web-ui结果}{section.4}% 29
\BOOKMARK [1][-]{section.5}{实验总结和参考}{}% 30
\BOOKMARK [2][-]{subsection.5.1}{实验总结}{section.5}% 31
\BOOKMARK [2][-]{subsection.5.2}{实验参考}{section.5}% 32
